<?xml version="1.0" encoding="UTF-8"?>
<!-- Generated by org.testng.reporters.JUnitXMLReporter -->
<testsuite hostname="mahesh-PC" ignored="3" name="Test" tests="2" failures="0" timestamp="2022-01-31T10:15:24 IST" time="0.218" errors="0">
  <testcase name="Atest" time="0.025" classname="testng.Features.TestClass1"/>
  <testcase name="Ctest" time="0.006" classname="testng.Features.TestClass1"/>
  <testcase name="Etest" time="0.0" classname="testng.Features.TestClass2">
    <ignored/>
  </testcase> <!-- Etest -->
  <testcase name="Dtest" time="0.0" classname="testng.Features.TestClass2">
    <ignored/>
  </testcase> <!-- Dtest -->
  <testcase name="Ftest" time="0.0" classname="testng.Features.TestClass2">
    <ignored/>
  </testcase> <!-- Ftest -->
</testsuite> <!-- Test -->
