<?xml version="1.0" encoding="UTF-8"?>
<testng-results skipped="0" failed="0" ignored="3" total="5" passed="2">
  <reporter-output>
  </reporter-output>
  <suite name="Suite" duration-ms="218" started-at="2022-01-31T10:15:24 IST" finished-at="2022-01-31T10:15:24 IST">
    <groups>
    </groups>
    <test name="Test" duration-ms="218" started-at="2022-01-31T10:15:24 IST" finished-at="2022-01-31T10:15:24 IST">
      <class name="testng.Features.TestClass2">
        <test-method status="PASS" signature="beforeSuit()[pri:0, instance:testng.Features.TestClass2@afc191]" name="beforeSuit" is-config="true" duration-ms="1" started-at="2022-01-31T10:15:24 IST" finished-at="2022-01-31T10:15:24 IST">
          <reporter-output>
          </reporter-output>
        </test-method> <!-- beforeSuit -->
        <test-method status="PASS" signature="beforeTest()[pri:0, instance:testng.Features.TestClass2@afc191]" name="beforeTest" is-config="true" duration-ms="1" started-at="2022-01-31T10:15:24 IST" finished-at="2022-01-31T10:15:24 IST">
          <reporter-output>
          </reporter-output>
        </test-method> <!-- beforeTest -->
        <test-method status="PASS" signature="afterSuit()[pri:0, instance:testng.Features.TestClass2@afc191]" name="afterSuit" is-config="true" duration-ms="2" started-at="2022-01-31T10:15:24 IST" finished-at="2022-01-31T10:15:24 IST">
          <reporter-output>
          </reporter-output>
        </test-method> <!-- afterSuit -->
      </class> <!-- testng.Features.TestClass2 -->
      <class name="testng.Features.TestClass1">
        <test-method status="PASS" signature="beforeSuit()[pri:0, instance:testng.Features.TestClass1@eaafa6]" name="beforeSuit" is-config="true" duration-ms="47" started-at="2022-01-31T10:15:24 IST" finished-at="2022-01-31T10:15:24 IST">
          <reporter-output>
          </reporter-output>
        </test-method> <!-- beforeSuit -->
        <test-method status="PASS" signature="beforeTest()[pri:0, instance:testng.Features.TestClass1@eaafa6]" name="beforeTest" is-config="true" duration-ms="1" started-at="2022-01-31T10:15:24 IST" finished-at="2022-01-31T10:15:24 IST">
          <reporter-output>
          </reporter-output>
        </test-method> <!-- beforeTest -->
        <test-method status="PASS" signature="beforeClass()[pri:0, instance:testng.Features.TestClass1@eaafa6]" name="beforeClass" is-config="true" duration-ms="1" started-at="2022-01-31T10:15:24 IST" finished-at="2022-01-31T10:15:24 IST">
          <reporter-output>
          </reporter-output>
        </test-method> <!-- beforeClass -->
        <test-method status="PASS" signature="beforeMethod()[pri:0, instance:testng.Features.TestClass1@eaafa6]" name="beforeMethod" is-config="true" duration-ms="1" started-at="2022-01-31T10:15:24 IST" finished-at="2022-01-31T10:15:24 IST">
          <reporter-output>
          </reporter-output>
        </test-method> <!-- beforeMethod -->
        <test-method status="PASS" signature="Atest()[pri:0, instance:testng.Features.TestClass1@eaafa6]" name="Atest" duration-ms="25" started-at="2022-01-31T10:15:24 IST" finished-at="2022-01-31T10:15:24 IST">
          <reporter-output>
          </reporter-output>
        </test-method> <!-- Atest -->
        <test-method status="PASS" signature="afterMethod()[pri:0, instance:testng.Features.TestClass1@eaafa6]" name="afterMethod" is-config="true" duration-ms="1" started-at="2022-01-31T10:15:24 IST" finished-at="2022-01-31T10:15:24 IST">
          <reporter-output>
          </reporter-output>
        </test-method> <!-- afterMethod -->
        <test-method status="PASS" signature="beforeMethod()[pri:0, instance:testng.Features.TestClass1@eaafa6]" name="beforeMethod" is-config="true" duration-ms="1" started-at="2022-01-31T10:15:24 IST" finished-at="2022-01-31T10:15:24 IST">
          <reporter-output>
          </reporter-output>
        </test-method> <!-- beforeMethod -->
        <test-method status="PASS" signature="Ctest()[pri:0, instance:testng.Features.TestClass1@eaafa6]" name="Ctest" duration-ms="6" started-at="2022-01-31T10:15:24 IST" finished-at="2022-01-31T10:15:24 IST">
          <reporter-output>
          </reporter-output>
        </test-method> <!-- Ctest -->
        <test-method status="PASS" signature="afterMethod()[pri:0, instance:testng.Features.TestClass1@eaafa6]" name="afterMethod" is-config="true" duration-ms="1" started-at="2022-01-31T10:15:24 IST" finished-at="2022-01-31T10:15:24 IST">
          <reporter-output>
          </reporter-output>
        </test-method> <!-- afterMethod -->
        <test-method status="PASS" signature="afterClass()[pri:0, instance:testng.Features.TestClass1@eaafa6]" name="afterClass" is-config="true" duration-ms="0" started-at="2022-01-31T10:15:24 IST" finished-at="2022-01-31T10:15:24 IST">
          <reporter-output>
          </reporter-output>
        </test-method> <!-- afterClass -->
        <test-method status="PASS" signature="afterTest()[pri:0, instance:testng.Features.TestClass1@eaafa6]" name="afterTest" is-config="true" duration-ms="1" started-at="2022-01-31T10:15:24 IST" finished-at="2022-01-31T10:15:24 IST">
          <reporter-output>
          </reporter-output>
        </test-method> <!-- afterTest -->
        <test-method status="PASS" signature="afterSuit()[pri:0, instance:testng.Features.TestClass1@eaafa6]" name="afterSuit" is-config="true" duration-ms="3" started-at="2022-01-31T10:15:24 IST" finished-at="2022-01-31T10:15:24 IST">
          <reporter-output>
          </reporter-output>
        </test-method> <!-- afterSuit -->
      </class> <!-- testng.Features.TestClass1 -->
    </test> <!-- Test -->
  </suite> <!-- Suite -->
</testng-results>
